2022-04-29 00:00:16.005  INFO 46180 --- [http-nio-8701-exec-2] c.c.controller.carDetailsController      : (washerLeaderboard)Called
2022-04-29 00:03:12.265  INFO 46180 --- [AsyncResolver-bootstrap-executor-0] c.n.d.s.r.aws.ConfigClusterResolver      : Resolving eureka endpoints via configuration
2022-04-29 00:08:12.266  INFO 46180 --- [AsyncResolver-bootstrap-executor-0] c.n.d.s.r.aws.ConfigClusterResolver      : Resolving eureka endpoints via configuration
2022-04-29 00:12:21.712  INFO 46180 --- [cluster-ClusterId{value='626a4a898b96262bb164f19c', description='null'}-cluster0-shard-00-01.iy6ut.mongodb.net:27017] org.mongodb.driver.cluster               : Exception in monitor thread while connecting to server cluster0-shard-00-01.iy6ut.mongodb.net:27017

com.mongodb.MongoSocketReadTimeoutException: Timeout while receiving message
	at com.mongodb.internal.connection.InternalStreamConnection.translateReadException(InternalStreamConnection.java:701) ~[mongodb-driver-core-4.4.2.jar:na]
	at com.mongodb.internal.connection.InternalStreamConnection.receiveMessageWithAdditionalTimeout(InternalStreamConnection.java:579) ~[mongodb-driver-core-4.4.2.jar:na]
	at com.mongodb.internal.connection.InternalStreamConnection.receiveCommandMessageResponse(InternalStreamConnection.java:415) ~[mongodb-driver-core-4.4.2.jar:na]
	at com.mongodb.internal.connection.InternalStreamConnection.receive(InternalStreamConnection.java:374) ~[mongodb-driver-core-4.4.2.jar:na]
	at com.mongodb.internal.connection.DefaultServerMonitor$ServerMonitorRunnable.lookupServerDescription(DefaultServerMonitor.java:216) ~[mongodb-driver-core-4.4.2.jar:na]
	at com.mongodb.internal.connection.DefaultServerMonitor$ServerMonitorRunnable.run(DefaultServerMonitor.java:152) ~[mongodb-driver-core-4.4.2.jar:na]
	at java.base/java.lang.Thread.run(Thread.java:833) ~[na:na]
Caused by: java.net.SocketTimeoutException: Read timed out
	at java.base/sun.nio.ch.NioSocketImpl.timedRead(NioSocketImpl.java:283) ~[na:na]
	at java.base/sun.nio.ch.NioSocketImpl.implRead(NioSocketImpl.java:309) ~[na:na]
	at java.base/sun.nio.ch.NioSocketImpl.read(NioSocketImpl.java:350) ~[na:na]
	at java.base/sun.nio.ch.NioSocketImpl$1.read(NioSocketImpl.java:803) ~[na:na]
	at java.base/java.net.Socket$SocketInputStream.read(Socket.java:966) ~[na:na]
	at java.base/sun.security.ssl.SSLSocketInputRecord.read(SSLSocketInputRecord.java:478) ~[na:na]
	at java.base/sun.security.ssl.SSLSocketInputRecord.readHeader(SSLSocketInputRecord.java:472) ~[na:na]
	at java.base/sun.security.ssl.SSLSocketInputRecord.bytesInCompletePacket(SSLSocketInputRecord.java:70) ~[na:na]
	at java.base/sun.security.ssl.SSLSocketImpl.readApplicationRecord(SSLSocketImpl.java:1455) ~[na:na]
	at java.base/sun.security.ssl.SSLSocketImpl$AppInputStream.read(SSLSocketImpl.java:1059) ~[na:na]
	at com.mongodb.internal.connection.SocketStream.read(SocketStream.java:109) ~[mongodb-driver-core-4.4.2.jar:na]
	at com.mongodb.internal.connection.SocketStream.read(SocketStream.java:131) ~[mongodb-driver-core-4.4.2.jar:na]
	at com.mongodb.internal.connection.InternalStreamConnection.receiveResponseBuffers(InternalStreamConnection.java:718) ~[mongodb-driver-core-4.4.2.jar:na]
	at com.mongodb.internal.connection.InternalStreamConnection.receiveMessageWithAdditionalTimeout(InternalStreamConnection.java:576) ~[mongodb-driver-core-4.4.2.jar:na]
	... 5 common frames omitted

2022-04-29 00:12:22.217  INFO 46180 --- [cluster-ClusterId{value='626a4a898b96262bb164f19c', description='null'}-cluster0-shard-00-02.iy6ut.mongodb.net:27017] org.mongodb.driver.cluster               : Exception in monitor thread while connecting to server cluster0-shard-00-02.iy6ut.mongodb.net:27017

com.mongodb.MongoSocketReadTimeoutException: Timeout while receiving message
	at com.mongodb.internal.connection.InternalStreamConnection.translateReadException(InternalStreamConnection.java:701) ~[mongodb-driver-core-4.4.2.jar:na]
	at com.mongodb.internal.connection.InternalStreamConnection.receiveMessageWithAdditionalTimeout(InternalStreamConnection.java:579) ~[mongodb-driver-core-4.4.2.jar:na]
	at com.mongodb.internal.connection.InternalStreamConnection.receiveCommandMessageResponse(InternalStreamConnection.java:415) ~[mongodb-driver-core-4.4.2.jar:na]
	at com.mongodb.internal.connection.InternalStreamConnection.receive(InternalStreamConnection.java:374) ~[mongodb-driver-core-4.4.2.jar:na]
	at com.mongodb.internal.connection.DefaultServerMonitor$ServerMonitorRunnable.lookupServerDescription(DefaultServerMonitor.java:216) ~[mongodb-driver-core-4.4.2.jar:na]
	at com.mongodb.internal.connection.DefaultServerMonitor$ServerMonitorRunnable.run(DefaultServerMonitor.java:152) ~[mongodb-driver-core-4.4.2.jar:na]
	at java.base/java.lang.Thread.run(Thread.java:833) ~[na:na]
Caused by: java.net.SocketTimeoutException: Read timed out
	at java.base/sun.nio.ch.NioSocketImpl.timedRead(NioSocketImpl.java:283) ~[na:na]
	at java.base/sun.nio.ch.NioSocketImpl.implRead(NioSocketImpl.java:309) ~[na:na]
	at java.base/sun.nio.ch.NioSocketImpl.read(NioSocketImpl.java:350) ~[na:na]
	at java.base/sun.nio.ch.NioSocketImpl$1.read(NioSocketImpl.java:803) ~[na:na]
	at java.base/java.net.Socket$SocketInputStream.read(Socket.java:966) ~[na:na]
	at java.base/sun.security.ssl.SSLSocketInputRecord.read(SSLSocketInputRecord.java:478) ~[na:na]
	at java.base/sun.security.ssl.SSLSocketInputRecord.readHeader(SSLSocketInputRecord.java:472) ~[na:na]
	at java.base/sun.security.ssl.SSLSocketInputRecord.bytesInCompletePacket(SSLSocketInputRecord.java:70) ~[na:na]
	at java.base/sun.security.ssl.SSLSocketImpl.readApplicationRecord(SSLSocketImpl.java:1455) ~[na:na]
	at java.base/sun.security.ssl.SSLSocketImpl$AppInputStream.read(SSLSocketImpl.java:1059) ~[na:na]
	at com.mongodb.internal.connection.SocketStream.read(SocketStream.java:109) ~[mongodb-driver-core-4.4.2.jar:na]
	at com.mongodb.internal.connection.SocketStream.read(SocketStream.java:131) ~[mongodb-driver-core-4.4.2.jar:na]
	at com.mongodb.internal.connection.InternalStreamConnection.receiveResponseBuffers(InternalStreamConnection.java:718) ~[mongodb-driver-core-4.4.2.jar:na]
	at com.mongodb.internal.connection.InternalStreamConnection.receiveMessageWithAdditionalTimeout(InternalStreamConnection.java:576) ~[mongodb-driver-core-4.4.2.jar:na]
	... 5 common frames omitted

2022-04-29 00:12:22.330  INFO 46180 --- [cluster-ClusterId{value='626a4a898b96262bb164f19c', description='null'}-cluster0-shard-00-01.iy6ut.mongodb.net:27017] org.mongodb.driver.connection            : Opened connection [connectionId{localValue:2548, serverValue:73618}] to cluster0-shard-00-01.iy6ut.mongodb.net:27017
2022-04-29 00:12:22.331  INFO 46180 --- [cluster-ClusterId{value='626a4a898b96262bb164f19c', description='null'}-cluster0-shard-00-01.iy6ut.mongodb.net:27017] org.mongodb.driver.cluster               : Monitor thread successfully connected to server with description ServerDescription{address=cluster0-shard-00-01.iy6ut.mongodb.net:27017, type=REPLICA_SET_PRIMARY, state=CONNECTED, ok=true, minWireVersion=0, maxWireVersion=13, maxDocumentSize=16777216, logicalSessionTimeoutMinutes=30, roundTripTimeNanos=418603300, setName='atlas-zxc0kr-shard-0', canonicalAddress=cluster0-shard-00-01.iy6ut.mongodb.net:27017, hosts=[cluster0-shard-00-00.iy6ut.mongodb.net:27017, cluster0-shard-00-01.iy6ut.mongodb.net:27017, cluster0-shard-00-02.iy6ut.mongodb.net:27017], passives=[], arbiters=[], primary='cluster0-shard-00-01.iy6ut.mongodb.net:27017', tagSet=TagSet{[Tag{name='nodeType', value='ELECTABLE'}, Tag{name='provider', value='AWS'}, Tag{name='region', value='AP_SOUTH_1'}, Tag{name='workloadType', value='OPERATIONAL'}]}, electionId=7fffffff000000000000012d, setVersion=8, topologyVersion=TopologyVersion{processId=6267fc8712fe99c7f4377d9c, counter=6}, lastWriteDate=Fri Apr 29 00:12:21 IST 2022, lastUpdateTimeNanos=1341632083711600}
2022-04-29 00:12:22.331  INFO 46180 --- [cluster-ClusterId{value='626a4a898b96262bb164f19c', description='null'}-cluster0-shard-00-01.iy6ut.mongodb.net:27017] org.mongodb.driver.cluster               : Discovered replica set primary cluster0-shard-00-01.iy6ut.mongodb.net:27017
2022-04-29 00:12:22.833  INFO 46180 --- [cluster-ClusterId{value='626a4a898b96262bb164f19c', description='null'}-cluster0-shard-00-00.iy6ut.mongodb.net:27017] org.mongodb.driver.cluster               : Exception in monitor thread while connecting to server cluster0-shard-00-00.iy6ut.mongodb.net:27017

com.mongodb.MongoSocketReadTimeoutException: Timeout while receiving message
	at com.mongodb.internal.connection.InternalStreamConnection.translateReadException(InternalStreamConnection.java:701) ~[mongodb-driver-core-4.4.2.jar:na]
	at com.mongodb.internal.connection.InternalStreamConnection.receiveMessageWithAdditionalTimeout(InternalStreamConnection.java:579) ~[mongodb-driver-core-4.4.2.jar:na]
	at com.mongodb.internal.connection.InternalStreamConnection.receiveCommandMessageResponse(InternalStreamConnection.java:415) ~[mongodb-driver-core-4.4.2.jar:na]
	at com.mongodb.internal.connection.InternalStreamConnection.receive(InternalStreamConnection.java:374) ~[mongodb-driver-core-4.4.2.jar:na]
	at com.mongodb.internal.connection.DefaultServerMonitor$ServerMonitorRunnable.lookupServerDescription(DefaultServerMonitor.java:216) ~[mongodb-driver-core-4.4.2.jar:na]
	at com.mongodb.internal.connection.DefaultServerMonitor$ServerMonitorRunnable.run(DefaultServerMonitor.java:152) ~[mongodb-driver-core-4.4.2.jar:na]
	at java.base/java.lang.Thread.run(Thread.java:833) ~[na:na]
Caused by: java.net.SocketTimeoutException: Read timed out
	at java.base/sun.nio.ch.NioSocketImpl.timedRead(NioSocketImpl.java:283) ~[na:na]
	at java.base/sun.nio.ch.NioSocketImpl.implRead(NioSocketImpl.java:309) ~[na:na]
	at java.base/sun.nio.ch.NioSocketImpl.read(NioSocketImpl.java:350) ~[na:na]
	at java.base/sun.nio.ch.NioSocketImpl$1.read(NioSocketImpl.java:803) ~[na:na]
	at java.base/java.net.Socket$SocketInputStream.read(Socket.java:966) ~[na:na]
	at java.base/sun.security.ssl.SSLSocketInputRecord.read(SSLSocketInputRecord.java:478) ~[na:na]
	at java.base/sun.security.ssl.SSLSocketInputRecord.readHeader(SSLSocketInputRecord.java:472) ~[na:na]
	at java.base/sun.security.ssl.SSLSocketInputRecord.bytesInCompletePacket(SSLSocketInputRecord.java:70) ~[na:na]
	at java.base/sun.security.ssl.SSLSocketImpl.readApplicationRecord(SSLSocketImpl.java:1455) ~[na:na]
	at java.base/sun.security.ssl.SSLSocketImpl$AppInputStream.read(SSLSocketImpl.java:1059) ~[na:na]
	at com.mongodb.internal.connection.SocketStream.read(SocketStream.java:109) ~[mongodb-driver-core-4.4.2.jar:na]
	at com.mongodb.internal.connection.SocketStream.read(SocketStream.java:131) ~[mongodb-driver-core-4.4.2.jar:na]
	at com.mongodb.internal.connection.InternalStreamConnection.receiveResponseBuffers(InternalStreamConnection.java:718) ~[mongodb-driver-core-4.4.2.jar:na]
	at com.mongodb.internal.connection.InternalStreamConnection.receiveMessageWithAdditionalTimeout(InternalStreamConnection.java:576) ~[mongodb-driver-core-4.4.2.jar:na]
	... 5 common frames omitted

2022-04-29 00:12:22.850  INFO 46180 --- [cluster-ClusterId{value='626a4a898b96262bb164f19c', description='null'}-cluster0-shard-00-02.iy6ut.mongodb.net:27017] org.mongodb.driver.connection            : Opened connection [connectionId{localValue:2549, serverValue:69658}] to cluster0-shard-00-02.iy6ut.mongodb.net:27017
2022-04-29 00:12:22.851  INFO 46180 --- [cluster-ClusterId{value='626a4a898b96262bb164f19c', description='null'}-cluster0-shard-00-02.iy6ut.mongodb.net:27017] org.mongodb.driver.cluster               : Monitor thread successfully connected to server with description ServerDescription{address=cluster0-shard-00-02.iy6ut.mongodb.net:27017, type=REPLICA_SET_SECONDARY, state=CONNECTED, ok=true, minWireVersion=0, maxWireVersion=13, maxDocumentSize=16777216, logicalSessionTimeoutMinutes=30, roundTripTimeNanos=432459600, setName='atlas-zxc0kr-shard-0', canonicalAddress=cluster0-shard-00-02.iy6ut.mongodb.net:27017, hosts=[cluster0-shard-00-00.iy6ut.mongodb.net:27017, cluster0-shard-00-01.iy6ut.mongodb.net:27017, cluster0-shard-00-02.iy6ut.mongodb.net:27017], passives=[], arbiters=[], primary='cluster0-shard-00-01.iy6ut.mongodb.net:27017', tagSet=TagSet{[Tag{name='nodeType', value='ELECTABLE'}, Tag{name='provider', value='AWS'}, Tag{name='region', value='AP_SOUTH_1'}, Tag{name='workloadType', value='OPERATIONAL'}]}, electionId=null, setVersion=8, topologyVersion=TopologyVersion{processId=6267fcfcd2492a35cfcb1fce, counter=3}, lastWriteDate=Fri Apr 29 00:12:22 IST 2022, lastUpdateTimeNanos=1341632603465800}
2022-04-29 00:12:23.448  INFO 46180 --- [cluster-ClusterId{value='626a4a898b96262bb164f19c', description='null'}-cluster0-shard-00-00.iy6ut.mongodb.net:27017] org.mongodb.driver.connection            : Opened connection [connectionId{localValue:2550, serverValue:70148}] to cluster0-shard-00-00.iy6ut.mongodb.net:27017
2022-04-29 00:12:23.448  INFO 46180 --- [cluster-ClusterId{value='626a4a898b96262bb164f19c', description='null'}-cluster0-shard-00-00.iy6ut.mongodb.net:27017] org.mongodb.driver.cluster               : Monitor thread successfully connected to server with description ServerDescription{address=cluster0-shard-00-00.iy6ut.mongodb.net:27017, type=REPLICA_SET_SECONDARY, state=CONNECTED, ok=true, minWireVersion=0, maxWireVersion=13, maxDocumentSize=16777216, logicalSessionTimeoutMinutes=30, roundTripTimeNanos=413759400, setName='atlas-zxc0kr-shard-0', canonicalAddress=cluster0-shard-00-00.iy6ut.mongodb.net:27017, hosts=[cluster0-shard-00-00.iy6ut.mongodb.net:27017, cluster0-shard-00-01.iy6ut.mongodb.net:27017, cluster0-shard-00-02.iy6ut.mongodb.net:27017], passives=[], arbiters=[], primary='cluster0-shard-00-01.iy6ut.mongodb.net:27017', tagSet=TagSet{[Tag{name='nodeType', value='ELECTABLE'}, Tag{name='provider', value='AWS'}, Tag{name='region', value='AP_SOUTH_1'}, Tag{name='workloadType', value='OPERATIONAL'}]}, electionId=null, setVersion=8, topologyVersion=TopologyVersion{processId=6267fc08cda48ff195371904, counter=4}, lastWriteDate=Fri Apr 29 00:12:23 IST 2022, lastUpdateTimeNanos=1341633201313000}
2022-04-29 00:12:23.548  INFO 46180 --- [cluster-rtt-ClusterId{value='626a4a898b96262bb164f19c', description='null'}-cluster0-shard-00-02.iy6ut.mongodb.net:27017] org.mongodb.driver.connection            : Opened connection [connectionId{localValue:2551, serverValue:69659}] to cluster0-shard-00-02.iy6ut.mongodb.net:27017
2022-04-29 00:12:23.650  INFO 46180 --- [cluster-rtt-ClusterId{value='626a4a898b96262bb164f19c', description='null'}-cluster0-shard-00-01.iy6ut.mongodb.net:27017] org.mongodb.driver.connection            : Opened connection [connectionId{localValue:2552, serverValue:73591}] to cluster0-shard-00-01.iy6ut.mongodb.net:27017
2022-04-29 00:12:24.879  INFO 46180 --- [cluster-rtt-ClusterId{value='626a4a898b96262bb164f19c', description='null'}-cluster0-shard-00-00.iy6ut.mongodb.net:27017] org.mongodb.driver.connection            : Opened connection [connectionId{localValue:2553, serverValue:70149}] to cluster0-shard-00-00.iy6ut.mongodb.net:27017
2022-04-29 00:13:12.269  INFO 46180 --- [AsyncResolver-bootstrap-executor-0] c.n.d.s.r.aws.ConfigClusterResolver      : Resolving eureka endpoints via configuration
2022-04-29 00:18:12.271  INFO 46180 --- [AsyncResolver-bootstrap-executor-0] c.n.d.s.r.aws.ConfigClusterResolver      : Resolving eureka endpoints via configuration
2022-04-29 00:23:12.284  INFO 46180 --- [AsyncResolver-bootstrap-executor-0] c.n.d.s.r.aws.ConfigClusterResolver      : Resolving eureka endpoints via configuration
2022-04-29 00:28:12.294  INFO 46180 --- [AsyncResolver-bootstrap-executor-0] c.n.d.s.r.aws.ConfigClusterResolver      : Resolving eureka endpoints via configuration
2022-04-29 00:33:12.306  INFO 46180 --- [AsyncResolver-bootstrap-executor-0] c.n.d.s.r.aws.ConfigClusterResolver      : Resolving eureka endpoints via configuration
2022-04-29 00:38:12.319  INFO 46180 --- [AsyncResolver-bootstrap-executor-0] c.n.d.s.r.aws.ConfigClusterResolver      : Resolving eureka endpoints via configuration
2022-04-29 00:43:12.326  INFO 46180 --- [AsyncResolver-bootstrap-executor-0] c.n.d.s.r.aws.ConfigClusterResolver      : Resolving eureka endpoints via configuration
2022-04-29 00:45:54.301  INFO 46180 --- [cluster-ClusterId{value='626a4a898b96262bb164f19c', description='null'}-cluster0-shard-00-02.iy6ut.mongodb.net:27017] org.mongodb.driver.cluster               : Exception in monitor thread while connecting to server cluster0-shard-00-02.iy6ut.mongodb.net:27017

com.mongodb.MongoSocketReadTimeoutException: Timeout while receiving message
	at com.mongodb.internal.connection.InternalStreamConnection.translateReadException(InternalStreamConnection.java:701) ~[mongodb-driver-core-4.4.2.jar:na]
	at com.mongodb.internal.connection.InternalStreamConnection.receiveMessageWithAdditionalTimeout(InternalStreamConnection.java:579) ~[mongodb-driver-core-4.4.2.jar:na]
	at com.mongodb.internal.connection.InternalStreamConnection.receiveCommandMessageResponse(InternalStreamConnection.java:415) ~[mongodb-driver-core-4.4.2.jar:na]
	at com.mongodb.internal.connection.InternalStreamConnection.receive(InternalStreamConnection.java:374) ~[mongodb-driver-core-4.4.2.jar:na]
	at com.mongodb.internal.connection.DefaultServerMonitor$ServerMonitorRunnable.lookupServerDescription(DefaultServerMonitor.java:216) ~[mongodb-driver-core-4.4.2.jar:na]
	at com.mongodb.internal.connection.DefaultServerMonitor$ServerMonitorRunnable.run(DefaultServerMonitor.java:152) ~[mongodb-driver-core-4.4.2.jar:na]
	at java.base/java.lang.Thread.run(Thread.java:833) ~[na:na]
Caused by: java.net.SocketTimeoutException: Read timed out
	at java.base/sun.nio.ch.NioSocketImpl.timedRead(NioSocketImpl.java:283) ~[na:na]
	at java.base/sun.nio.ch.NioSocketImpl.implRead(NioSocketImpl.java:309) ~[na:na]
	at java.base/sun.nio.ch.NioSocketImpl.read(NioSocketImpl.java:350) ~[na:na]
	at java.base/sun.nio.ch.NioSocketImpl$1.read(NioSocketImpl.java:803) ~[na:na]
	at java.base/java.net.Socket$SocketInputStream.read(Socket.java:966) ~[na:na]
	at java.base/sun.security.ssl.SSLSocketInputRecord.read(SSLSocketInputRecord.java:478) ~[na:na]
	at java.base/sun.security.ssl.SSLSocketInputRecord.readHeader(SSLSocketInputRecord.java:472) ~[na:na]
	at java.base/sun.security.ssl.SSLSocketInputRecord.bytesInCompletePacket(SSLSocketInputRecord.java:70) ~[na:na]
	at java.base/sun.security.ssl.SSLSocketImpl.readApplicationRecord(SSLSocketImpl.java:1455) ~[na:na]
	at java.base/sun.security.ssl.SSLSocketImpl$AppInputStream.read(SSLSocketImpl.java:1059) ~[na:na]
	at com.mongodb.internal.connection.SocketStream.read(SocketStream.java:109) ~[mongodb-driver-core-4.4.2.jar:na]
	at com.mongodb.internal.connection.SocketStream.read(SocketStream.java:131) ~[mongodb-driver-core-4.4.2.jar:na]
	at com.mongodb.internal.connection.InternalStreamConnection.receiveResponseBuffers(InternalStreamConnection.java:718) ~[mongodb-driver-core-4.4.2.jar:na]
	at com.mongodb.internal.connection.InternalStreamConnection.receiveMessageWithAdditionalTimeout(InternalStreamConnection.java:576) ~[mongodb-driver-core-4.4.2.jar:na]
	... 5 common frames omitted

2022-04-29 00:45:55.031  INFO 46180 --- [cluster-ClusterId{value='626a4a898b96262bb164f19c', description='null'}-cluster0-shard-00-00.iy6ut.mongodb.net:27017] org.mongodb.driver.cluster               : Exception in monitor thread while connecting to server cluster0-shard-00-00.iy6ut.mongodb.net:27017

com.mongodb.MongoSocketReadTimeoutException: Timeout while receiving message
	at com.mongodb.internal.connection.InternalStreamConnection.translateReadException(InternalStreamConnection.java:701) ~[mongodb-driver-core-4.4.2.jar:na]
	at com.mongodb.internal.connection.InternalStreamConnection.receiveMessageWithAdditionalTimeout(InternalStreamConnection.java:579) ~[mongodb-driver-core-4.4.2.jar:na]
	at com.mongodb.internal.connection.InternalStreamConnection.receiveCommandMessageResponse(InternalStreamConnection.java:415) ~[mongodb-driver-core-4.4.2.jar:na]
	at com.mongodb.internal.connection.InternalStreamConnection.receive(InternalStreamConnection.java:374) ~[mongodb-driver-core-4.4.2.jar:na]
	at com.mongodb.internal.connection.DefaultServerMonitor$ServerMonitorRunnable.lookupServerDescription(DefaultServerMonitor.java:216) ~[mongodb-driver-core-4.4.2.jar:na]
	at com.mongodb.internal.connection.DefaultServerMonitor$ServerMonitorRunnable.run(DefaultServerMonitor.java:152) ~[mongodb-driver-core-4.4.2.jar:na]
	at java.base/java.lang.Thread.run(Thread.java:833) ~[na:na]
Caused by: java.net.SocketTimeoutException: Read timed out
	at java.base/sun.nio.ch.NioSocketImpl.timedRead(NioSocketImpl.java:283) ~[na:na]
	at java.base/sun.nio.ch.NioSocketImpl.implRead(NioSocketImpl.java:309) ~[na:na]
	at java.base/sun.nio.ch.NioSocketImpl.read(NioSocketImpl.java:350) ~[na:na]
	at java.base/sun.nio.ch.NioSocketImpl$1.read(NioSocketImpl.java:803) ~[na:na]
	at java.base/java.net.Socket$SocketInputStream.read(Socket.java:966) ~[na:na]
	at java.base/sun.security.ssl.SSLSocketInputRecord.read(SSLSocketInputRecord.java:478) ~[na:na]
	at java.base/sun.security.ssl.SSLSocketInputRecord.readHeader(SSLSocketInputRecord.java:472) ~[na:na]
	at java.base/sun.security.ssl.SSLSocketInputRecord.bytesInCompletePacket(SSLSocketInputRecord.java:70) ~[na:na]
	at java.base/sun.security.ssl.SSLSocketImpl.readApplicationRecord(SSLSocketImpl.java:1455) ~[na:na]
	at java.base/sun.security.ssl.SSLSocketImpl$AppInputStream.read(SSLSocketImpl.java:1059) ~[na:na]
	at com.mongodb.internal.connection.SocketStream.read(SocketStream.java:109) ~[mongodb-driver-core-4.4.2.jar:na]
	at com.mongodb.internal.connection.SocketStream.read(SocketStream.java:131) ~[mongodb-driver-core-4.4.2.jar:na]
	at com.mongodb.internal.connection.InternalStreamConnection.receiveResponseBuffers(InternalStreamConnection.java:718) ~[mongodb-driver-core-4.4.2.jar:na]
	at com.mongodb.internal.connection.InternalStreamConnection.receiveMessageWithAdditionalTimeout(InternalStreamConnection.java:576) ~[mongodb-driver-core-4.4.2.jar:na]
	... 5 common frames omitted

2022-04-29 00:46:04.148  INFO 46180 --- [cluster-ClusterId{value='626a4a898b96262bb164f19c', description='null'}-cluster0-shard-00-01.iy6ut.mongodb.net:27017] org.mongodb.driver.cluster               : Exception in monitor thread while connecting to server cluster0-shard-00-01.iy6ut.mongodb.net:27017

com.mongodb.MongoSocketReadTimeoutException: Timeout while receiving message
	at com.mongodb.internal.connection.InternalStreamConnection.translateReadException(InternalStreamConnection.java:701) ~[mongodb-driver-core-4.4.2.jar:na]
	at com.mongodb.internal.connection.InternalStreamConnection.receiveMessageWithAdditionalTimeout(InternalStreamConnection.java:579) ~[mongodb-driver-core-4.4.2.jar:na]
	at com.mongodb.internal.connection.InternalStreamConnection.receiveCommandMessageResponse(InternalStreamConnection.java:415) ~[mongodb-driver-core-4.4.2.jar:na]
	at com.mongodb.internal.connection.InternalStreamConnection.receive(InternalStreamConnection.java:374) ~[mongodb-driver-core-4.4.2.jar:na]
	at com.mongodb.internal.connection.DefaultServerMonitor$ServerMonitorRunnable.lookupServerDescription(DefaultServerMonitor.java:216) ~[mongodb-driver-core-4.4.2.jar:na]
	at com.mongodb.internal.connection.DefaultServerMonitor$ServerMonitorRunnable.run(DefaultServerMonitor.java:152) ~[mongodb-driver-core-4.4.2.jar:na]
	at java.base/java.lang.Thread.run(Thread.java:833) ~[na:na]
Caused by: java.net.SocketTimeoutException: Read timed out
	at java.base/sun.nio.ch.NioSocketImpl.timedRead(NioSocketImpl.java:283) ~[na:na]
	at java.base/sun.nio.ch.NioSocketImpl.implRead(NioSocketImpl.java:309) ~[na:na]
	at java.base/sun.nio.ch.NioSocketImpl.read(NioSocketImpl.java:350) ~[na:na]
	at java.base/sun.nio.ch.NioSocketImpl$1.read(NioSocketImpl.java:803) ~[na:na]
	at java.base/java.net.Socket$SocketInputStream.read(Socket.java:966) ~[na:na]
	at java.base/sun.security.ssl.SSLSocketInputRecord.read(SSLSocketInputRecord.java:478) ~[na:na]
	at java.base/sun.security.ssl.SSLSocketInputRecord.readHeader(SSLSocketInputRecord.java:472) ~[na:na]
	at java.base/sun.security.ssl.SSLSocketInputRecord.bytesInCompletePacket(SSLSocketInputRecord.java:70) ~[na:na]
	at java.base/sun.security.ssl.SSLSocketImpl.readApplicationRecord(SSLSocketImpl.java:1455) ~[na:na]
	at java.base/sun.security.ssl.SSLSocketImpl$AppInputStream.read(SSLSocketImpl.java:1059) ~[na:na]
	at com.mongodb.internal.connection.SocketStream.read(SocketStream.java:109) ~[mongodb-driver-core-4.4.2.jar:na]
	at com.mongodb.internal.connection.SocketStream.read(SocketStream.java:131) ~[mongodb-driver-core-4.4.2.jar:na]
	at com.mongodb.internal.connection.InternalStreamConnection.receiveResponseBuffers(InternalStreamConnection.java:718) ~[mongodb-driver-core-4.4.2.jar:na]
	at com.mongodb.internal.connection.InternalStreamConnection.receiveMessageWithAdditionalTimeout(InternalStreamConnection.java:576) ~[mongodb-driver-core-4.4.2.jar:na]
	... 5 common frames omitted

2022-04-29 00:46:04.926  INFO 46180 --- [cluster-ClusterId{value='626a4a898b96262bb164f19c', description='null'}-cluster0-shard-00-02.iy6ut.mongodb.net:27017] org.mongodb.driver.cluster               : Exception in monitor thread while connecting to server cluster0-shard-00-02.iy6ut.mongodb.net:27017

com.mongodb.MongoSocketOpenException: Exception opening socket
	at com.mongodb.internal.connection.SocketStream.open(SocketStream.java:70) ~[mongodb-driver-core-4.4.2.jar:na]
	at com.mongodb.internal.connection.InternalStreamConnection.open(InternalStreamConnection.java:180) ~[mongodb-driver-core-4.4.2.jar:na]
	at com.mongodb.internal.connection.DefaultServerMonitor$ServerMonitorRunnable.lookupServerDescription(DefaultServerMonitor.java:188) ~[mongodb-driver-core-4.4.2.jar:na]
	at com.mongodb.internal.connection.DefaultServerMonitor$ServerMonitorRunnable.run(DefaultServerMonitor.java:152) ~[mongodb-driver-core-4.4.2.jar:na]
	at java.base/java.lang.Thread.run(Thread.java:833) ~[na:na]
Caused by: java.net.SocketTimeoutException: Connect timed out
	at java.base/sun.nio.ch.NioSocketImpl.timedFinishConnect(NioSocketImpl.java:546) ~[na:na]
	at java.base/sun.nio.ch.NioSocketImpl.connect(NioSocketImpl.java:597) ~[na:na]
	at java.base/java.net.SocksSocketImpl.connect(SocksSocketImpl.java:327) ~[na:na]
	at java.base/java.net.Socket.connect(Socket.java:633) ~[na:na]
	at java.base/sun.security.ssl.SSLSocketImpl.connect(SSLSocketImpl.java:299) ~[na:na]
	at com.mongodb.internal.connection.SocketStreamHelper.initialize(SocketStreamHelper.java:107) ~[mongodb-driver-core-4.4.2.jar:na]
	at com.mongodb.internal.connection.SocketStream.initializeSocket(SocketStream.java:79) ~[mongodb-driver-core-4.4.2.jar:na]
	at com.mongodb.internal.connection.SocketStream.open(SocketStream.java:65) ~[mongodb-driver-core-4.4.2.jar:na]
	... 4 common frames omitted

2022-04-29 00:46:05.744  INFO 46180 --- [cluster-ClusterId{value='626a4a898b96262bb164f19c', description='null'}-cluster0-shard-00-01.iy6ut.mongodb.net:27017] org.mongodb.driver.connection            : Opened connection [connectionId{localValue:2559, serverValue:74283}] to cluster0-shard-00-01.iy6ut.mongodb.net:27017
2022-04-29 00:46:05.745  INFO 46180 --- [cluster-ClusterId{value='626a4a898b96262bb164f19c', description='null'}-cluster0-shard-00-01.iy6ut.mongodb.net:27017] org.mongodb.driver.cluster               : Monitor thread successfully connected to server with description ServerDescription{address=cluster0-shard-00-01.iy6ut.mongodb.net:27017, type=REPLICA_SET_PRIMARY, state=CONNECTED, ok=true, minWireVersion=0, maxWireVersion=13, maxDocumentSize=16777216, logicalSessionTimeoutMinutes=30, roundTripTimeNanos=410226100, setName='atlas-zxc0kr-shard-0', canonicalAddress=cluster0-shard-00-01.iy6ut.mongodb.net:27017, hosts=[cluster0-shard-00-00.iy6ut.mongodb.net:27017, cluster0-shard-00-01.iy6ut.mongodb.net:27017, cluster0-shard-00-02.iy6ut.mongodb.net:27017], passives=[], arbiters=[], primary='cluster0-shard-00-01.iy6ut.mongodb.net:27017', tagSet=TagSet{[Tag{name='nodeType', value='ELECTABLE'}, Tag{name='provider', value='AWS'}, Tag{name='region', value='AP_SOUTH_1'}, Tag{name='workloadType', value='OPERATIONAL'}]}, electionId=7fffffff000000000000012d, setVersion=8, topologyVersion=TopologyVersion{processId=6267fc8712fe99c7f4377d9c, counter=6}, lastWriteDate=Fri Apr 29 00:46:05 IST 2022, lastUpdateTimeNanos=1343655497245200}
2022-04-29 00:46:05.745  INFO 46180 --- [cluster-ClusterId{value='626a4a898b96262bb164f19c', description='null'}-cluster0-shard-00-01.iy6ut.mongodb.net:27017] org.mongodb.driver.cluster               : Discovered replica set primary cluster0-shard-00-01.iy6ut.mongodb.net:27017
2022-04-29 00:46:05.897  INFO 46180 --- [cluster-ClusterId{value='626a4a898b96262bb164f19c', description='null'}-cluster0-shard-00-00.iy6ut.mongodb.net:27017] org.mongodb.driver.cluster               : Exception in monitor thread while connecting to server cluster0-shard-00-00.iy6ut.mongodb.net:27017

com.mongodb.MongoSocketException: No such host is known (cluster0-shard-00-00.iy6ut.mongodb.net)
	at com.mongodb.ServerAddress.getSocketAddresses(ServerAddress.java:211) ~[mongodb-driver-core-4.4.2.jar:na]
	at com.mongodb.internal.connection.SocketStream.initializeSocket(SocketStream.java:75) ~[mongodb-driver-core-4.4.2.jar:na]
	at com.mongodb.internal.connection.SocketStream.open(SocketStream.java:65) ~[mongodb-driver-core-4.4.2.jar:na]
	at com.mongodb.internal.connection.InternalStreamConnection.open(InternalStreamConnection.java:180) ~[mongodb-driver-core-4.4.2.jar:na]
	at com.mongodb.internal.connection.DefaultServerMonitor$ServerMonitorRunnable.lookupServerDescription(DefaultServerMonitor.java:188) ~[mongodb-driver-core-4.4.2.jar:na]
	at com.mongodb.internal.connection.DefaultServerMonitor$ServerMonitorRunnable.run(DefaultServerMonitor.java:152) ~[mongodb-driver-core-4.4.2.jar:na]
	at java.base/java.lang.Thread.run(Thread.java:833) ~[na:na]
Caused by: java.net.UnknownHostException: No such host is known (cluster0-shard-00-00.iy6ut.mongodb.net)
	at java.base/java.net.Inet6AddressImpl.lookupAllHostAddr(Native Method) ~[na:na]
	at java.base/java.net.InetAddress$PlatformNameService.lookupAllHostAddr(InetAddress.java:933) ~[na:na]
	at java.base/java.net.InetAddress.getAddressesFromNameService(InetAddress.java:1519) ~[na:na]
	at java.base/java.net.InetAddress$NameServiceAddresses.get(InetAddress.java:852) ~[na:na]
	at java.base/java.net.InetAddress.getAllByName0(InetAddress.java:1509) ~[na:na]
	at java.base/java.net.InetAddress.getAllByName(InetAddress.java:1367) ~[na:na]
	at java.base/java.net.InetAddress.getAllByName(InetAddress.java:1301) ~[na:na]
	at com.mongodb.ServerAddress.getSocketAddresses(ServerAddress.java:203) ~[mongodb-driver-core-4.4.2.jar:na]
	... 6 common frames omitted

2022-04-29 00:46:06.857  INFO 46180 --- [cluster-rtt-ClusterId{value='626a4a898b96262bb164f19c', description='null'}-cluster0-shard-00-01.iy6ut.mongodb.net:27017] org.mongodb.driver.connection            : Opened connection [connectionId{localValue:2558, serverValue:74238}] to cluster0-shard-00-01.iy6ut.mongodb.net:27017
2022-04-29 00:46:06.875  INFO 46180 --- [cluster-rtt-ClusterId{value='626a4a898b96262bb164f19c', description='null'}-cluster0-shard-00-02.iy6ut.mongodb.net:27017] org.mongodb.driver.connection            : Opened connection [connectionId{localValue:2556, serverValue:70280}] to cluster0-shard-00-02.iy6ut.mongodb.net:27017
2022-04-29 00:46:15.570  INFO 46180 --- [cluster-ClusterId{value='626a4a898b96262bb164f19c', description='null'}-cluster0-shard-00-02.iy6ut.mongodb.net:27017] org.mongodb.driver.connection            : Opened connection [connectionId{localValue:2560, serverValue:70281}] to cluster0-shard-00-02.iy6ut.mongodb.net:27017
2022-04-29 00:46:15.570  INFO 46180 --- [cluster-ClusterId{value='626a4a898b96262bb164f19c', description='null'}-cluster0-shard-00-02.iy6ut.mongodb.net:27017] org.mongodb.driver.cluster               : Monitor thread successfully connected to server with description ServerDescription{address=cluster0-shard-00-02.iy6ut.mongodb.net:27017, type=REPLICA_SET_SECONDARY, state=CONNECTED, ok=true, minWireVersion=0, maxWireVersion=13, maxDocumentSize=16777216, logicalSessionTimeoutMinutes=30, roundTripTimeNanos=449911000, setName='atlas-zxc0kr-shard-0', canonicalAddress=cluster0-shard-00-02.iy6ut.mongodb.net:27017, hosts=[cluster0-shard-00-00.iy6ut.mongodb.net:27017, cluster0-shard-00-01.iy6ut.mongodb.net:27017, cluster0-shard-00-02.iy6ut.mongodb.net:27017], passives=[], arbiters=[], primary='cluster0-shard-00-01.iy6ut.mongodb.net:27017', tagSet=TagSet{[Tag{name='nodeType', value='ELECTABLE'}, Tag{name='provider', value='AWS'}, Tag{name='region', value='AP_SOUTH_1'}, Tag{name='workloadType', value='OPERATIONAL'}]}, electionId=null, setVersion=8, topologyVersion=TopologyVersion{processId=6267fcfcd2492a35cfcb1fce, counter=3}, lastWriteDate=Fri Apr 29 00:46:15 IST 2022, lastUpdateTimeNanos=1343665322818600}
2022-04-29 00:46:16.739  INFO 46180 --- [cluster-rtt-ClusterId{value='626a4a898b96262bb164f19c', description='null'}-cluster0-shard-00-00.iy6ut.mongodb.net:27017] org.mongodb.driver.connection            : Opened connection [connectionId{localValue:2561, serverValue:70784}] to cluster0-shard-00-00.iy6ut.mongodb.net:27017
2022-04-29 00:46:16.785  INFO 46180 --- [cluster-ClusterId{value='626a4a898b96262bb164f19c', description='null'}-cluster0-shard-00-00.iy6ut.mongodb.net:27017] org.mongodb.driver.connection            : Opened connection [connectionId{localValue:2562, serverValue:70784}] to cluster0-shard-00-00.iy6ut.mongodb.net:27017
2022-04-29 00:46:16.785  INFO 46180 --- [cluster-ClusterId{value='626a4a898b96262bb164f19c', description='null'}-cluster0-shard-00-00.iy6ut.mongodb.net:27017] org.mongodb.driver.cluster               : Monitor thread successfully connected to server with description ServerDescription{address=cluster0-shard-00-00.iy6ut.mongodb.net:27017, type=REPLICA_SET_SECONDARY, state=CONNECTED, ok=true, minWireVersion=0, maxWireVersion=13, maxDocumentSize=16777216, logicalSessionTimeoutMinutes=30, roundTripTimeNanos=427533400, setName='atlas-zxc0kr-shard-0', canonicalAddress=cluster0-shard-00-00.iy6ut.mongodb.net:27017, hosts=[cluster0-shard-00-00.iy6ut.mongodb.net:27017, cluster0-shard-00-01.iy6ut.mongodb.net:27017, cluster0-shard-00-02.iy6ut.mongodb.net:27017], passives=[], arbiters=[], primary='cluster0-shard-00-01.iy6ut.mongodb.net:27017', tagSet=TagSet{[Tag{name='nodeType', value='ELECTABLE'}, Tag{name='provider', value='AWS'}, Tag{name='region', value='AP_SOUTH_1'}, Tag{name='workloadType', value='OPERATIONAL'}]}, electionId=null, setVersion=8, topologyVersion=TopologyVersion{processId=6267fc08cda48ff195371904, counter=4}, lastWriteDate=Fri Apr 29 00:46:16 IST 2022, lastUpdateTimeNanos=1343666538574400}
2022-04-29 00:48:12.331  INFO 46180 --- [AsyncResolver-bootstrap-executor-0] c.n.d.s.r.aws.ConfigClusterResolver      : Resolving eureka endpoints via configuration
2022-04-29 00:53:12.340  INFO 46180 --- [AsyncResolver-bootstrap-executor-0] c.n.d.s.r.aws.ConfigClusterResolver      : Resolving eureka endpoints via configuration
2022-04-29 00:58:12.353  INFO 46180 --- [AsyncResolver-bootstrap-executor-0] c.n.d.s.r.aws.ConfigClusterResolver      : Resolving eureka endpoints via configuration
2022-04-29 01:03:12.364  INFO 46180 --- [AsyncResolver-bootstrap-executor-0] c.n.d.s.r.aws.ConfigClusterResolver      : Resolving eureka endpoints via configuration
2022-04-29 01:17:37.274  INFO 46180 --- [cluster-rtt-ClusterId{value='626a4a898b96262bb164f19c', description='null'}-cluster0-shard-00-00.iy6ut.mongodb.net:27017] org.mongodb.driver.connection            : Opened connection [connectionId{localValue:2563, serverValue:71343}] to cluster0-shard-00-00.iy6ut.mongodb.net:27017
2022-04-29 01:17:37.450  INFO 46180 --- [cluster-rtt-ClusterId{value='626a4a898b96262bb164f19c', description='null'}-cluster0-shard-00-02.iy6ut.mongodb.net:27017] org.mongodb.driver.connection            : Opened connection [connectionId{localValue:2565, serverValue:70832}] to cluster0-shard-00-02.iy6ut.mongodb.net:27017
2022-04-29 01:17:37.477  INFO 46180 --- [cluster-rtt-ClusterId{value='626a4a898b96262bb164f19c', description='null'}-cluster0-shard-00-01.iy6ut.mongodb.net:27017] org.mongodb.driver.connection            : Opened connection [connectionId{localValue:2564, serverValue:74837}] to cluster0-shard-00-01.iy6ut.mongodb.net:27017
2022-04-29 01:17:47.410  INFO 46180 --- [cluster-ClusterId{value='626a4a898b96262bb164f19c', description='null'}-cluster0-shard-00-01.iy6ut.mongodb.net:27017] org.mongodb.driver.cluster               : Exception in monitor thread while connecting to server cluster0-shard-00-01.iy6ut.mongodb.net:27017

com.mongodb.MongoSocketReadTimeoutException: Timeout while receiving message
	at com.mongodb.internal.connection.InternalStreamConnection.translateReadException(InternalStreamConnection.java:701) ~[mongodb-driver-core-4.4.2.jar:na]
	at com.mongodb.internal.connection.InternalStreamConnection.receiveMessageWithAdditionalTimeout(InternalStreamConnection.java:579) ~[mongodb-driver-core-4.4.2.jar:na]
	at com.mongodb.internal.connection.InternalStreamConnection.receiveCommandMessageResponse(InternalStreamConnection.java:415) ~[mongodb-driver-core-4.4.2.jar:na]
	at com.mongodb.internal.connection.InternalStreamConnection.receive(InternalStreamConnection.java:374) ~[mongodb-driver-core-4.4.2.jar:na]
	at com.mongodb.internal.connection.DefaultServerMonitor$ServerMonitorRunnable.lookupServerDescription(DefaultServerMonitor.java:216) ~[mongodb-driver-core-4.4.2.jar:na]
	at com.mongodb.internal.connection.DefaultServerMonitor$ServerMonitorRunnable.run(DefaultServerMonitor.java:152) ~[mongodb-driver-core-4.4.2.jar:na]
	at java.base/java.lang.Thread.run(Thread.java:833) ~[na:na]
Caused by: java.net.SocketTimeoutException: Read timed out
	at java.base/sun.nio.ch.NioSocketImpl.timedRead(NioSocketImpl.java:283) ~[na:na]
	at java.base/sun.nio.ch.NioSocketImpl.implRead(NioSocketImpl.java:309) ~[na:na]
	at java.base/sun.nio.ch.NioSocketImpl.read(NioSocketImpl.java:350) ~[na:na]
	at java.base/sun.nio.ch.NioSocketImpl$1.read(NioSocketImpl.java:803) ~[na:na]
	at java.base/java.net.Socket$SocketInputStream.read(Socket.java:966) ~[na:na]
	at java.base/sun.security.ssl.SSLSocketInputRecord.read(SSLSocketInputRecord.java:478) ~[na:na]
	at java.base/sun.security.ssl.SSLSocketInputRecord.readHeader(SSLSocketInputRecord.java:472) ~[na:na]
	at java.base/sun.security.ssl.SSLSocketInputRecord.bytesInCompletePacket(SSLSocketInputRecord.java:70) ~[na:na]
	at java.base/sun.security.ssl.SSLSocketImpl.readApplicationRecord(SSLSocketImpl.java:1455) ~[na:na]
	at java.base/sun.security.ssl.SSLSocketImpl$AppInputStream.read(SSLSocketImpl.java:1059) ~[na:na]
	at com.mongodb.internal.connection.SocketStream.read(SocketStream.java:109) ~[mongodb-driver-core-4.4.2.jar:na]
	at com.mongodb.internal.connection.SocketStream.read(SocketStream.java:131) ~[mongodb-driver-core-4.4.2.jar:na]
	at com.mongodb.internal.connection.InternalStreamConnection.receiveResponseBuffers(InternalStreamConnection.java:718) ~[mongodb-driver-core-4.4.2.jar:na]
	at com.mongodb.internal.connection.InternalStreamConnection.receiveMessageWithAdditionalTimeout(InternalStreamConnection.java:576) ~[mongodb-driver-core-4.4.2.jar:na]
	... 5 common frames omitted

2022-04-29 01:17:47.978  INFO 46180 --- [cluster-ClusterId{value='626a4a898b96262bb164f19c', description='null'}-cluster0-shard-00-01.iy6ut.mongodb.net:27017] org.mongodb.driver.connection            : Opened connection [connectionId{localValue:2566, serverValue:74832}] to cluster0-shard-00-01.iy6ut.mongodb.net:27017
2022-04-29 01:17:47.978  INFO 46180 --- [cluster-ClusterId{value='626a4a898b96262bb164f19c', description='null'}-cluster0-shard-00-01.iy6ut.mongodb.net:27017] org.mongodb.driver.cluster               : Monitor thread successfully connected to server with description ServerDescription{address=cluster0-shard-00-01.iy6ut.mongodb.net:27017, type=REPLICA_SET_PRIMARY, state=CONNECTED, ok=true, minWireVersion=0, maxWireVersion=13, maxDocumentSize=16777216, logicalSessionTimeoutMinutes=30, roundTripTimeNanos=384038400, setName='atlas-zxc0kr-shard-0', canonicalAddress=cluster0-shard-00-01.iy6ut.mongodb.net:27017, hosts=[cluster0-shard-00-00.iy6ut.mongodb.net:27017, cluster0-shard-00-01.iy6ut.mongodb.net:27017, cluster0-shard-00-02.iy6ut.mongodb.net:27017], passives=[], arbiters=[], primary='cluster0-shard-00-01.iy6ut.mongodb.net:27017', tagSet=TagSet{[Tag{name='nodeType', value='ELECTABLE'}, Tag{name='provider', value='AWS'}, Tag{name='region', value='AP_SOUTH_1'}, Tag{name='workloadType', value='OPERATIONAL'}]}, electionId=7fffffff000000000000012d, setVersion=8, topologyVersion=TopologyVersion{processId=6267fc8712fe99c7f4377d9c, counter=6}, lastWriteDate=Fri Apr 29 01:17:47 IST 2022, lastUpdateTimeNanos=1345557750002600}
2022-04-29 01:17:47.979  INFO 46180 --- [cluster-ClusterId{value='626a4a898b96262bb164f19c', description='null'}-cluster0-shard-00-01.iy6ut.mongodb.net:27017] org.mongodb.driver.cluster               : Discovered replica set primary cluster0-shard-00-01.iy6ut.mongodb.net:27017
2022-04-29 01:17:48.267  INFO 46180 --- [cluster-ClusterId{value='626a4a898b96262bb164f19c', description='null'}-cluster0-shard-00-00.iy6ut.mongodb.net:27017] org.mongodb.driver.cluster               : Exception in monitor thread while connecting to server cluster0-shard-00-00.iy6ut.mongodb.net:27017

com.mongodb.MongoSocketReadTimeoutException: Timeout while receiving message
	at com.mongodb.internal.connection.InternalStreamConnection.translateReadException(InternalStreamConnection.java:701) ~[mongodb-driver-core-4.4.2.jar:na]
	at com.mongodb.internal.connection.InternalStreamConnection.receiveMessageWithAdditionalTimeout(InternalStreamConnection.java:579) ~[mongodb-driver-core-4.4.2.jar:na]
	at com.mongodb.internal.connection.InternalStreamConnection.receiveCommandMessageResponse(InternalStreamConnection.java:415) ~[mongodb-driver-core-4.4.2.jar:na]
	at com.mongodb.internal.connection.InternalStreamConnection.receive(InternalStreamConnection.java:374) ~[mongodb-driver-core-4.4.2.jar:na]
	at com.mongodb.internal.connection.DefaultServerMonitor$ServerMonitorRunnable.lookupServerDescription(DefaultServerMonitor.java:216) ~[mongodb-driver-core-4.4.2.jar:na]
	at com.mongodb.internal.connection.DefaultServerMonitor$ServerMonitorRunnable.run(DefaultServerMonitor.java:152) ~[mongodb-driver-core-4.4.2.jar:na]
	at java.base/java.lang.Thread.run(Thread.java:833) ~[na:na]
Caused by: java.net.SocketTimeoutException: Read timed out
	at java.base/sun.nio.ch.NioSocketImpl.timedRead(NioSocketImpl.java:283) ~[na:na]
	at java.base/sun.nio.ch.NioSocketImpl.implRead(NioSocketImpl.java:309) ~[na:na]
	at java.base/sun.nio.ch.NioSocketImpl.read(NioSocketImpl.java:350) ~[na:na]
	at java.base/sun.nio.ch.NioSocketImpl$1.read(NioSocketImpl.java:803) ~[na:na]
	at java.base/java.net.Socket$SocketInputStream.read(Socket.java:966) ~[na:na]
	at java.base/sun.security.ssl.SSLSocketInputRecord.read(SSLSocketInputRecord.java:478) ~[na:na]
	at java.base/sun.security.ssl.SSLSocketInputRecord.readHeader(SSLSocketInputRecord.java:472) ~[na:na]
	at java.base/sun.security.ssl.SSLSocketInputRecord.bytesInCompletePacket(SSLSocketInputRecord.java:70) ~[na:na]
	at java.base/sun.security.ssl.SSLSocketImpl.readApplicationRecord(SSLSocketImpl.java:1455) ~[na:na]
	at java.base/sun.security.ssl.SSLSocketImpl$AppInputStream.read(SSLSocketImpl.java:1059) ~[na:na]
	at com.mongodb.internal.connection.SocketStream.read(SocketStream.java:109) ~[mongodb-driver-core-4.4.2.jar:na]
	at com.mongodb.internal.connection.SocketStream.read(SocketStream.java:131) ~[mongodb-driver-core-4.4.2.jar:na]
	at com.mongodb.internal.connection.InternalStreamConnection.receiveResponseBuffers(InternalStreamConnection.java:718) ~[mongodb-driver-core-4.4.2.jar:na]
	at com.mongodb.internal.connection.InternalStreamConnection.receiveMessageWithAdditionalTimeout(InternalStreamConnection.java:576) ~[mongodb-driver-core-4.4.2.jar:na]
	... 5 common frames omitted

2022-04-29 01:17:48.841  INFO 46180 --- [cluster-ClusterId{value='626a4a898b96262bb164f19c', description='null'}-cluster0-shard-00-00.iy6ut.mongodb.net:27017] org.mongodb.driver.connection            : Opened connection [connectionId{localValue:2567, serverValue:71341}] to cluster0-shard-00-00.iy6ut.mongodb.net:27017
2022-04-29 01:17:48.841  INFO 46180 --- [cluster-ClusterId{value='626a4a898b96262bb164f19c', description='null'}-cluster0-shard-00-00.iy6ut.mongodb.net:27017] org.mongodb.driver.cluster               : Monitor thread successfully connected to server with description ServerDescription{address=cluster0-shard-00-00.iy6ut.mongodb.net:27017, type=REPLICA_SET_SECONDARY, state=CONNECTED, ok=true, minWireVersion=0, maxWireVersion=13, maxDocumentSize=16777216, logicalSessionTimeoutMinutes=30, roundTripTimeNanos=383268300, setName='atlas-zxc0kr-shard-0', canonicalAddress=cluster0-shard-00-00.iy6ut.mongodb.net:27017, hosts=[cluster0-shard-00-00.iy6ut.mongodb.net:27017, cluster0-shard-00-01.iy6ut.mongodb.net:27017, cluster0-shard-00-02.iy6ut.mongodb.net:27017], passives=[], arbiters=[], primary='cluster0-shard-00-01.iy6ut.mongodb.net:27017', tagSet=TagSet{[Tag{name='nodeType', value='ELECTABLE'}, Tag{name='provider', value='AWS'}, Tag{name='region', value='AP_SOUTH_1'}, Tag{name='workloadType', value='OPERATIONAL'}]}, electionId=null, setVersion=8, topologyVersion=TopologyVersion{processId=6267fc08cda48ff195371904, counter=4}, lastWriteDate=Fri Apr 29 01:17:48 IST 2022, lastUpdateTimeNanos=1345558613303800}
2022-04-29 01:18:32.747  INFO 46180 --- [AsyncResolver-bootstrap-executor-0] c.n.d.s.r.aws.ConfigClusterResolver      : Resolving eureka endpoints via configuration
2022-04-29 01:20:29.162  INFO 46180 --- [cluster-ClusterId{value='626a4a898b96262bb164f19c', description='null'}-cluster0-shard-00-00.iy6ut.mongodb.net:27017] org.mongodb.driver.cluster               : Exception in monitor thread while connecting to server cluster0-shard-00-00.iy6ut.mongodb.net:27017

com.mongodb.MongoSocketReadTimeoutException: Timeout while receiving message
	at com.mongodb.internal.connection.InternalStreamConnection.translateReadException(InternalStreamConnection.java:701) ~[mongodb-driver-core-4.4.2.jar:na]
	at com.mongodb.internal.connection.InternalStreamConnection.receiveMessageWithAdditionalTimeout(InternalStreamConnection.java:579) ~[mongodb-driver-core-4.4.2.jar:na]
	at com.mongodb.internal.connection.InternalStreamConnection.receiveCommandMessageResponse(InternalStreamConnection.java:415) ~[mongodb-driver-core-4.4.2.jar:na]
	at com.mongodb.internal.connection.InternalStreamConnection.receive(InternalStreamConnection.java:374) ~[mongodb-driver-core-4.4.2.jar:na]
	at com.mongodb.internal.connection.DefaultServerMonitor$ServerMonitorRunnable.lookupServerDescription(DefaultServerMonitor.java:216) ~[mongodb-driver-core-4.4.2.jar:na]
	at com.mongodb.internal.connection.DefaultServerMonitor$ServerMonitorRunnable.run(DefaultServerMonitor.java:152) ~[mongodb-driver-core-4.4.2.jar:na]
	at java.base/java.lang.Thread.run(Thread.java:833) ~[na:na]
Caused by: java.net.SocketTimeoutException: Read timed out
	at java.base/sun.nio.ch.NioSocketImpl.timedRead(NioSocketImpl.java:283) ~[na:na]
	at java.base/sun.nio.ch.NioSocketImpl.implRead(NioSocketImpl.java:309) ~[na:na]
	at java.base/sun.nio.ch.NioSocketImpl.read(NioSocketImpl.java:350) ~[na:na]
	at java.base/sun.nio.ch.NioSocketImpl$1.read(NioSocketImpl.java:803) ~[na:na]
	at java.base/java.net.Socket$SocketInputStream.read(Socket.java:966) ~[na:na]
	at java.base/sun.security.ssl.SSLSocketInputRecord.read(SSLSocketInputRecord.java:478) ~[na:na]
	at java.base/sun.security.ssl.SSLSocketInputRecord.readHeader(SSLSocketInputRecord.java:472) ~[na:na]
	at java.base/sun.security.ssl.SSLSocketInputRecord.bytesInCompletePacket(SSLSocketInputRecord.java:70) ~[na:na]
	at java.base/sun.security.ssl.SSLSocketImpl.readApplicationRecord(SSLSocketImpl.java:1455) ~[na:na]
	at java.base/sun.security.ssl.SSLSocketImpl$AppInputStream.read(SSLSocketImpl.java:1059) ~[na:na]
	at com.mongodb.internal.connection.SocketStream.read(SocketStream.java:109) ~[mongodb-driver-core-4.4.2.jar:na]
	at com.mongodb.internal.connection.SocketStream.read(SocketStream.java:131) ~[mongodb-driver-core-4.4.2.jar:na]
	at com.mongodb.internal.connection.InternalStreamConnection.receiveResponseBuffers(InternalStreamConnection.java:718) ~[mongodb-driver-core-4.4.2.jar:na]
	at com.mongodb.internal.connection.InternalStreamConnection.receiveMessageWithAdditionalTimeout(InternalStreamConnection.java:576) ~[mongodb-driver-core-4.4.2.jar:na]
	... 5 common frames omitted

2022-04-29 01:20:29.164  INFO 46180 --- [cluster-ClusterId{value='626a4a898b96262bb164f19c', description='null'}-cluster0-shard-00-00.iy6ut.mongodb.net:27017] org.mongodb.driver.cluster               : Exception in monitor thread while connecting to server cluster0-shard-00-00.iy6ut.mongodb.net:27017

com.mongodb.MongoSocketException: No such host is known (cluster0-shard-00-00.iy6ut.mongodb.net)
	at com.mongodb.ServerAddress.getSocketAddresses(ServerAddress.java:211) ~[mongodb-driver-core-4.4.2.jar:na]
	at com.mongodb.internal.connection.SocketStream.initializeSocket(SocketStream.java:75) ~[mongodb-driver-core-4.4.2.jar:na]
	at com.mongodb.internal.connection.SocketStream.open(SocketStream.java:65) ~[mongodb-driver-core-4.4.2.jar:na]
	at com.mongodb.internal.connection.InternalStreamConnection.open(InternalStreamConnection.java:180) ~[mongodb-driver-core-4.4.2.jar:na]
	at com.mongodb.internal.connection.DefaultServerMonitor$ServerMonitorRunnable.lookupServerDescription(DefaultServerMonitor.java:188) ~[mongodb-driver-core-4.4.2.jar:na]
	at com.mongodb.internal.connection.DefaultServerMonitor$ServerMonitorRunnable.run(DefaultServerMonitor.java:152) ~[mongodb-driver-core-4.4.2.jar:na]
	at java.base/java.lang.Thread.run(Thread.java:833) ~[na:na]
Caused by: java.net.UnknownHostException: No such host is known (cluster0-shard-00-00.iy6ut.mongodb.net)
	at java.base/java.net.Inet6AddressImpl.lookupAllHostAddr(Native Method) ~[na:na]
	at java.base/java.net.InetAddress$PlatformNameService.lookupAllHostAddr(InetAddress.java:933) ~[na:na]
	at java.base/java.net.InetAddress.getAddressesFromNameService(InetAddress.java:1519) ~[na:na]
	at java.base/java.net.InetAddress$NameServiceAddresses.get(InetAddress.java:852) ~[na:na]
	at java.base/java.net.InetAddress.getAllByName0(InetAddress.java:1509) ~[na:na]
	at java.base/java.net.InetAddress.getAllByName(InetAddress.java:1367) ~[na:na]
	at java.base/java.net.InetAddress.getAllByName(InetAddress.java:1301) ~[na:na]
	at com.mongodb.ServerAddress.getSocketAddresses(ServerAddress.java:203) ~[mongodb-driver-core-4.4.2.jar:na]
	... 6 common frames omitted

2022-04-29 01:20:37.204  INFO 46180 --- [cluster-ClusterId{value='626a4a898b96262bb164f19c', description='null'}-cluster0-shard-00-02.iy6ut.mongodb.net:27017] org.mongodb.driver.cluster               : Exception in monitor thread while connecting to server cluster0-shard-00-02.iy6ut.mongodb.net:27017

com.mongodb.MongoSocketReadTimeoutException: Timeout while receiving message
	at com.mongodb.internal.connection.InternalStreamConnection.translateReadException(InternalStreamConnection.java:701) ~[mongodb-driver-core-4.4.2.jar:na]
	at com.mongodb.internal.connection.InternalStreamConnection.receiveMessageWithAdditionalTimeout(InternalStreamConnection.java:579) ~[mongodb-driver-core-4.4.2.jar:na]
	at com.mongodb.internal.connection.InternalStreamConnection.receiveCommandMessageResponse(InternalStreamConnection.java:415) ~[mongodb-driver-core-4.4.2.jar:na]
	at com.mongodb.internal.connection.InternalStreamConnection.receive(InternalStreamConnection.java:374) ~[mongodb-driver-core-4.4.2.jar:na]
	at com.mongodb.internal.connection.DefaultServerMonitor$ServerMonitorRunnable.lookupServerDescription(DefaultServerMonitor.java:216) ~[mongodb-driver-core-4.4.2.jar:na]
	at com.mongodb.internal.connection.DefaultServerMonitor$ServerMonitorRunnable.run(DefaultServerMonitor.java:152) ~[mongodb-driver-core-4.4.2.jar:na]
	at java.base/java.lang.Thread.run(Thread.java:833) ~[na:na]
Caused by: java.net.SocketTimeoutException: Read timed out
	at java.base/sun.nio.ch.NioSocketImpl.timedRead(NioSocketImpl.java:283) ~[na:na]
	at java.base/sun.nio.ch.NioSocketImpl.implRead(NioSocketImpl.java:309) ~[na:na]
	at java.base/sun.nio.ch.NioSocketImpl.read(NioSocketImpl.java:350) ~[na:na]
	at java.base/sun.nio.ch.NioSocketImpl$1.read(NioSocketImpl.java:803) ~[na:na]
	at java.base/java.net.Socket$SocketInputStream.read(Socket.java:966) ~[na:na]
	at java.base/sun.security.ssl.SSLSocketInputRecord.read(SSLSocketInputRecord.java:478) ~[na:na]
	at java.base/sun.security.ssl.SSLSocketInputRecord.readHeader(SSLSocketInputRecord.java:472) ~[na:na]
	at java.base/sun.security.ssl.SSLSocketInputRecord.bytesInCompletePacket(SSLSocketInputRecord.java:70) ~[na:na]
	at java.base/sun.security.ssl.SSLSocketImpl.readApplicationRecord(SSLSocketImpl.java:1455) ~[na:na]
	at java.base/sun.security.ssl.SSLSocketImpl$AppInputStream.read(SSLSocketImpl.java:1059) ~[na:na]
	at com.mongodb.internal.connection.SocketStream.read(SocketStream.java:109) ~[mongodb-driver-core-4.4.2.jar:na]
	at com.mongodb.internal.connection.SocketStream.read(SocketStream.java:131) ~[mongodb-driver-core-4.4.2.jar:na]
	at com.mongodb.internal.connection.InternalStreamConnection.receiveResponseBuffers(InternalStreamConnection.java:718) ~[mongodb-driver-core-4.4.2.jar:na]
	at com.mongodb.internal.connection.InternalStreamConnection.receiveMessageWithAdditionalTimeout(InternalStreamConnection.java:576) ~[mongodb-driver-core-4.4.2.jar:na]
	... 5 common frames omitted

2022-04-29 01:20:37.206  INFO 46180 --- [cluster-ClusterId{value='626a4a898b96262bb164f19c', description='null'}-cluster0-shard-00-02.iy6ut.mongodb.net:27017] org.mongodb.driver.cluster               : Exception in monitor thread while connecting to server cluster0-shard-00-02.iy6ut.mongodb.net:27017

com.mongodb.MongoSocketException: No such host is known (cluster0-shard-00-02.iy6ut.mongodb.net)
	at com.mongodb.ServerAddress.getSocketAddresses(ServerAddress.java:211) ~[mongodb-driver-core-4.4.2.jar:na]
	at com.mongodb.internal.connection.SocketStream.initializeSocket(SocketStream.java:75) ~[mongodb-driver-core-4.4.2.jar:na]
	at com.mongodb.internal.connection.SocketStream.open(SocketStream.java:65) ~[mongodb-driver-core-4.4.2.jar:na]
	at com.mongodb.internal.connection.InternalStreamConnection.open(InternalStreamConnection.java:180) ~[mongodb-driver-core-4.4.2.jar:na]
	at com.mongodb.internal.connection.DefaultServerMonitor$ServerMonitorRunnable.lookupServerDescription(DefaultServerMonitor.java:188) ~[mongodb-driver-core-4.4.2.jar:na]
	at com.mongodb.internal.connection.DefaultServerMonitor$ServerMonitorRunnable.run(DefaultServerMonitor.java:152) ~[mongodb-driver-core-4.4.2.jar:na]
	at java.base/java.lang.Thread.run(Thread.java:833) ~[na:na]
Caused by: java.net.UnknownHostException: No such host is known (cluster0-shard-00-02.iy6ut.mongodb.net)
	at java.base/java.net.Inet6AddressImpl.lookupAllHostAddr(Native Method) ~[na:na]
	at java.base/java.net.InetAddress$PlatformNameService.lookupAllHostAddr(InetAddress.java:933) ~[na:na]
	at java.base/java.net.InetAddress.getAddressesFromNameService(InetAddress.java:1519) ~[na:na]
	at java.base/java.net.InetAddress$NameServiceAddresses.get(InetAddress.java:852) ~[na:na]
	at java.base/java.net.InetAddress.getAllByName0(InetAddress.java:1509) ~[na:na]
	at java.base/java.net.InetAddress.getAllByName(InetAddress.java:1367) ~[na:na]
	at java.base/java.net.InetAddress.getAllByName(InetAddress.java:1301) ~[na:na]
	at com.mongodb.ServerAddress.getSocketAddresses(ServerAddress.java:203) ~[mongodb-driver-core-4.4.2.jar:na]
	... 6 common frames omitted

2022-04-29 01:20:38.472  INFO 46180 --- [cluster-ClusterId{value='626a4a898b96262bb164f19c', description='null'}-cluster0-shard-00-01.iy6ut.mongodb.net:27017] org.mongodb.driver.cluster               : Exception in monitor thread while connecting to server cluster0-shard-00-01.iy6ut.mongodb.net:27017

com.mongodb.MongoSocketReadTimeoutException: Timeout while receiving message
	at com.mongodb.internal.connection.InternalStreamConnection.translateReadException(InternalStreamConnection.java:701) ~[mongodb-driver-core-4.4.2.jar:na]
	at com.mongodb.internal.connection.InternalStreamConnection.receiveMessageWithAdditionalTimeout(InternalStreamConnection.java:579) ~[mongodb-driver-core-4.4.2.jar:na]
	at com.mongodb.internal.connection.InternalStreamConnection.receiveCommandMessageResponse(InternalStreamConnection.java:415) ~[mongodb-driver-core-4.4.2.jar:na]
	at com.mongodb.internal.connection.InternalStreamConnection.receive(InternalStreamConnection.java:374) ~[mongodb-driver-core-4.4.2.jar:na]
	at com.mongodb.internal.connection.DefaultServerMonitor$ServerMonitorRunnable.lookupServerDescription(DefaultServerMonitor.java:216) ~[mongodb-driver-core-4.4.2.jar:na]
	at com.mongodb.internal.connection.DefaultServerMonitor$ServerMonitorRunnable.run(DefaultServerMonitor.java:152) ~[mongodb-driver-core-4.4.2.jar:na]
	at java.base/java.lang.Thread.run(Thread.java:833) ~[na:na]
Caused by: java.net.SocketTimeoutException: Read timed out
	at java.base/sun.nio.ch.NioSocketImpl.timedRead(NioSocketImpl.java:283) ~[na:na]
	at java.base/sun.nio.ch.NioSocketImpl.implRead(NioSocketImpl.java:309) ~[na:na]
	at java.base/sun.nio.ch.NioSocketImpl.read(NioSocketImpl.java:350) ~[na:na]
	at java.base/sun.nio.ch.NioSocketImpl$1.read(NioSocketImpl.java:803) ~[na:na]
	at java.base/java.net.Socket$SocketInputStream.read(Socket.java:966) ~[na:na]
	at java.base/sun.security.ssl.SSLSocketInputRecord.read(SSLSocketInputRecord.java:478) ~[na:na]
	at java.base/sun.security.ssl.SSLSocketInputRecord.readHeader(SSLSocketInputRecord.java:472) ~[na:na]
	at java.base/sun.security.ssl.SSLSocketInputRecord.bytesInCompletePacket(SSLSocketInputRecord.java:70) ~[na:na]
	at java.base/sun.security.ssl.SSLSocketImpl.readApplicationRecord(SSLSocketImpl.java:1455) ~[na:na]
	at java.base/sun.security.ssl.SSLSocketImpl$AppInputStream.read(SSLSocketImpl.java:1059) ~[na:na]
	at com.mongodb.internal.connection.SocketStream.read(SocketStream.java:109) ~[mongodb-driver-core-4.4.2.jar:na]
	at com.mongodb.internal.connection.SocketStream.read(SocketStream.java:131) ~[mongodb-driver-core-4.4.2.jar:na]
	at com.mongodb.internal.connection.InternalStreamConnection.receiveResponseBuffers(InternalStreamConnection.java:718) ~[mongodb-driver-core-4.4.2.jar:na]
	at com.mongodb.internal.connection.InternalStreamConnection.receiveMessageWithAdditionalTimeout(InternalStreamConnection.java:576) ~[mongodb-driver-core-4.4.2.jar:na]
	... 5 common frames omitted

2022-04-29 01:20:38.477  INFO 46180 --- [cluster-ClusterId{value='626a4a898b96262bb164f19c', description='null'}-cluster0-shard-00-01.iy6ut.mongodb.net:27017] org.mongodb.driver.cluster               : Exception in monitor thread while connecting to server cluster0-shard-00-01.iy6ut.mongodb.net:27017

com.mongodb.MongoSocketException: No such host is known (cluster0-shard-00-01.iy6ut.mongodb.net)
	at com.mongodb.ServerAddress.getSocketAddresses(ServerAddress.java:211) ~[mongodb-driver-core-4.4.2.jar:na]
	at com.mongodb.internal.connection.SocketStream.initializeSocket(SocketStream.java:75) ~[mongodb-driver-core-4.4.2.jar:na]
	at com.mongodb.internal.connection.SocketStream.open(SocketStream.java:65) ~[mongodb-driver-core-4.4.2.jar:na]
	at com.mongodb.internal.connection.InternalStreamConnection.open(InternalStreamConnection.java:180) ~[mongodb-driver-core-4.4.2.jar:na]
	at com.mongodb.internal.connection.DefaultServerMonitor$ServerMonitorRunnable.lookupServerDescription(DefaultServerMonitor.java:188) ~[mongodb-driver-core-4.4.2.jar:na]
	at com.mongodb.internal.connection.DefaultServerMonitor$ServerMonitorRunnable.run(DefaultServerMonitor.java:152) ~[mongodb-driver-core-4.4.2.jar:na]
	at java.base/java.lang.Thread.run(Thread.java:833) ~[na:na]
Caused by: java.net.UnknownHostException: No such host is known (cluster0-shard-00-01.iy6ut.mongodb.net)
	at java.base/java.net.Inet6AddressImpl.lookupAllHostAddr(Native Method) ~[na:na]
	at java.base/java.net.InetAddress$PlatformNameService.lookupAllHostAddr(InetAddress.java:933) ~[na:na]
	at java.base/java.net.InetAddress.getAddressesFromNameService(InetAddress.java:1519) ~[na:na]
	at java.base/java.net.InetAddress$NameServiceAddresses.get(InetAddress.java:852) ~[na:na]
	at java.base/java.net.InetAddress.getAllByName0(InetAddress.java:1509) ~[na:na]
	at java.base/java.net.InetAddress.getAllByName(InetAddress.java:1367) ~[na:na]
	at java.base/java.net.InetAddress.getAllByName(InetAddress.java:1301) ~[na:na]
	at com.mongodb.ServerAddress.getSocketAddresses(ServerAddress.java:203) ~[mongodb-driver-core-4.4.2.jar:na]
	... 6 common frames omitted

